<?xml version="1.0" encoding="UTF-8"?>
<!-- Generated by org.testng.reporters.JUnitReportReporter -->
<testsuite hostname="DESKTOP-J3QRB0N" failures="0" tests="1" name="com.tourism.xmlpractice.ReadDataFromXmlTest" time="0.024" errors="0" timestamp="2022-12-29T12:48:14 IST" skipped="0">
  <testcase classname="com.tourism.xmlpractice.ReadDataFromXmlTest" name="readDataFromXml" time="0.024"/>
  <system-out/>
</testsuite> <!-- com.tourism.xmlpractice.ReadDataFromXmlTest -->
