<?xml version="1.0" encoding="UTF-8"?>
<!-- Generated by org.testng.reporters.JUnitReportReporter -->
<testsuite hostname="DESKTOP-J3QRB0N" failures="0" tests="1" name="com.tourism.zts.modules.TC_07_Foreigners_Delete" time="40.654" errors="0" timestamp="2022-12-26T10:39:28 IST" skipped="0">
  <testcase classname="com.tourism.zts.modules.TC_07_Foreigners_Delete" name="foreignersdelete" time="40.654"/>
  <system-out/>
</testsuite> <!-- com.tourism.zts.modules.TC_07_Foreigners_Delete -->
