<?xml version="1.0" encoding="UTF-8"?>
<!-- Generated by org.testng.reporters.JUnitReportReporter -->
<testsuite hostname="DESKTOP-J3QRB0N" failures="0" tests="1" name="com.tourism.zts.modules.TC_04_NormalTicketTest" time="18.277" errors="0" timestamp="2022-12-27T17:37:09 IST" skipped="0">
  <testcase classname="com.tourism.zts.modules.TC_04_NormalTicketTest" name="normalticket" time="18.277"/>
  <system-out/>
</testsuite> <!-- com.tourism.zts.modules.TC_04_NormalTicketTest -->
