<?xml version="1.0" encoding="UTF-8"?>
<!-- Generated by org.testng.reporters.JUnitReportReporter -->
<testsuite hostname="DESKTOP-J3QRB0N" failures="0" tests="1" name="com.tourism.zts.add_animal.TC_03_ManageTypeTicketTest" time="22.394" errors="0" timestamp="2022-12-21T10:07:26 IST" skipped="0">
  <testcase classname="com.tourism.zts.add_animal.TC_03_ManageTypeTicketTest" name="manageticket" time="22.394"/>
  <system-out/>
</testsuite> <!-- com.tourism.zts.add_animal.TC_03_ManageTypeTicketTest -->
