<?xml version="1.0" encoding="UTF-8"?>
<!-- Generated by org.testng.reporters.JUnitReportReporter -->
<testsuite hostname="DESKTOP-J3QRB0N" failures="0" tests="1" name="pratice.Workbook2" time="1.777" errors="0" timestamp="2022-12-14T11:21:12 IST" skipped="0">
  <testcase classname="pratice.Workbook2" name="work" time="1.777"/>
  <system-out/>
</testsuite> <!-- pratice.Workbook2 -->
