<?xml version="1.0" encoding="UTF-8"?>
<!-- Generated by org.testng.reporters.JUnitReportReporter -->
<testsuite hostname="DESKTOP-J3QRB0N" failures="0" tests="1" name="pratice.Demo" time="56.102" errors="0" timestamp="2022-12-14T09:28:49 IST" skipped="0">
  <testcase classname="pratice.Demo" name="launchbrowser" time="56.102"/>
  <system-out/>
</testsuite> <!-- pratice.Demo -->
