<?xml version="1.0" encoding="UTF-8"?>
<!-- Generated by org.testng.reporters.JUnitReportReporter -->
<testsuite hostname="DESKTOP-J3QRB0N" failures="0" tests="4" name="com.tourism.xmlpractice.Demo2_DataProvider" time="0.032" errors="0" timestamp="2022-12-30T13:00:57 IST" skipped="0">
  <testcase classname="com.tourism.xmlpractice.Demo2_DataProvider" name="add" time="0.005"/>
  <system-out/>
  <testcase classname="com.tourism.xmlpractice.Demo2_DataProvider" name="add" time="0.003"/>
  <system-out/>
  <testcase classname="com.tourism.xmlpractice.Demo2_DataProvider" name="add" time="0.022"/>
  <system-out/>
  <testcase classname="com.tourism.xmlpractice.Demo2_DataProvider" name="add" time="0.002"/>
  <system-out/>
</testsuite> <!-- com.tourism.xmlpractice.Demo2_DataProvider -->
