<?xml version="1.0" encoding="UTF-8"?>
<!-- Generated by org.testng.reporters.JUnitReportReporter -->
<testsuite hostname="DESKTOP-J3QRB0N" failures="0" tests="1" name="com.tourism.zts.modules.TC_05_NormalTicket_deleteTest" time="33.566" errors="0" timestamp="2023-01-03T16:27:06 IST" skipped="0">
  <testcase classname="com.tourism.zts.modules.TC_05_NormalTicket_deleteTest" name="normalticket" time="33.566"/>
  <system-out/>
</testsuite> <!-- com.tourism.zts.modules.TC_05_NormalTicket_deleteTest -->
