<?xml version="1.0" encoding="UTF-8"?>
<!-- Generated by org.testng.reporters.JUnitReportReporter -->
<testsuite hostname="DESKTOP-J3QRB0N" failures="0" tests="1" name="com.tourism.zts.modules.TC_03_ManageTypeTicketTest" time="16.601" errors="0" timestamp="2023-01-03T15:50:50 IST" skipped="0">
  <testcase classname="com.tourism.zts.modules.TC_03_ManageTypeTicketTest" name="manageticket" time="16.601"/>
  <system-out/>
</testsuite> <!-- com.tourism.zts.modules.TC_03_ManageTypeTicketTest -->
