<?xml version="1.0" encoding="UTF-8"?>
<!-- Generated by org.testng.reporters.JUnitReportReporter -->
<testsuite hostname="DESKTOP-J3QRB0N" failures="0" tests="1" name="com.tourism.zts.modules.TC_02_AddAnimalDetailsTest" time="46.413" errors="0" timestamp="2022-12-30T11:26:48 IST" skipped="0">
  <testcase classname="com.tourism.zts.modules.TC_02_AddAnimalDetailsTest" name="addanimal" time="46.413"/>
  <system-out/>
</testsuite> <!-- com.tourism.zts.modules.TC_02_AddAnimalDetailsTest -->
