<?xml version="1.0" encoding="UTF-8"?>
<!-- Generated by org.testng.reporters.JUnitReportReporter -->
<testsuite hostname="DESKTOP-J3QRB0N" failures="0" tests="1" name="com.tourism.xmlpractice.ReadDataFromJsonFile" time="0.062" errors="0" timestamp="2022-12-29T13:25:38 IST" skipped="0">
  <testcase classname="com.tourism.xmlpractice.ReadDataFromJsonFile" name="readDataFromJsonFile" time="0.062"/>
  <system-out/>
</testsuite> <!-- com.tourism.xmlpractice.ReadDataFromJsonFile -->
