<?xml version="1.0" encoding="UTF-8"?>
<!-- Generated by org.testng.reporters.JUnitReportReporter -->
<testsuite hostname="DESKTOP-J3QRB0N" failures="0" tests="1" name="com.tourism.zts.modules.TC_08_AddAnimals_Edit" time="31.766" errors="0" timestamp="2022-12-26T15:23:42 IST" skipped="0">
  <testcase classname="com.tourism.zts.modules.TC_08_AddAnimals_Edit" name="edit" time="31.766"/>
  <system-out/>
</testsuite> <!-- com.tourism.zts.modules.TC_08_AddAnimals_Edit -->
