<?xml version="1.0" encoding="UTF-8"?>
<!-- Generated by org.testng.reporters.JUnitReportReporter -->
<testsuite hostname="DESKTOP-J3QRB0N" failures="0" tests="1" name="pratice.Demo" time="0.072" errors="0" timestamp="2023-01-03T15:37:36 IST" skipped="0">
  <testcase classname="pratice.Demo" name="launchbrowser" time="0.072"/>
  <system-out/>
</testsuite> <!-- pratice.Demo -->
