<?xml version="1.0" encoding="UTF-8"?>
<!-- Generated by org.testng.reporters.JUnitReportReporter -->
<testsuite hostname="DESKTOP-J3QRB0N" failures="0" tests="4" name="com.tourism.xmlpractice.Demo1" time="0.059" errors="0" timestamp="2022-12-30T12:35:13 IST" skipped="0">
  <testcase classname="com.tourism.xmlpractice.Demo1" name="addTicket" time="0.005"/>
  <system-out/>
  <testcase classname="com.tourism.xmlpractice.Demo1" name="addTicket" time="0.026"/>
  <system-out/>
  <testcase classname="com.tourism.xmlpractice.Demo1" name="addAnimal" time="0.022"/>
  <system-out/>
  <testcase classname="com.tourism.xmlpractice.Demo1" name="manageAnimal" time="0.006"/>
  <system-out/>
</testsuite> <!-- com.tourism.xmlpractice.Demo1 -->
