<?xml version="1.0" encoding="UTF-8"?>
<!-- Generated by org.testng.reporters.JUnitReportReporter -->
<testsuite hostname="DESKTOP-J3QRB0N" failures="0" tests="2" name="com.tourism.xmlpractice.Demo3" time="0.023" errors="0" timestamp="2023-01-02T11:24:16 IST" skipped="0">
  <testcase classname="com.tourism.xmlpractice.Demo3" name="addTicket" time="0.015"/>
  <system-out/>
  <testcase classname="com.tourism.xmlpractice.Demo3" name="manageTicket" time="0.008"/>
  <system-out/>
</testsuite> <!-- com.tourism.xmlpractice.Demo3 -->
