<?xml version="1.0" encoding="UTF-8"?>
<!-- Generated by org.testng.reporters.JUnitReportReporter -->
<testsuite hostname="DESKTOP-J3QRB0N" failures="0" tests="1" name="com.tourism.zts.add_animal.TC_02_AddAnimalDetailsTest" time="32.564" errors="0" timestamp="2022-12-21T10:00:00 IST" skipped="0">
  <testcase classname="com.tourism.zts.add_animal.TC_02_AddAnimalDetailsTest" name="addaniaml" time="32.564"/>
  <system-out/>
</testsuite> <!-- com.tourism.zts.add_animal.TC_02_AddAnimalDetailsTest -->
