<?xml version="1.0" encoding="UTF-8"?>
<!-- Generated by org.testng.reporters.JUnitReportReporter -->
<testsuite hostname="DESKTOP-J3QRB0N" failures="0" tests="1" name="com.tourism.zts.modules.TC_001_TestNG_TC_02_03" time="41.035" errors="0" timestamp="2023-01-02T15:22:17 IST" skipped="0">
  <testcase classname="com.tourism.zts.modules.TC_001_TestNG_TC_02_03" name="addanimal" time="41.035"/>
  <system-out/>
</testsuite> <!-- com.tourism.zts.modules.TC_001_TestNG_TC_02_03 -->
