<?xml version="1.0" encoding="UTF-8"?>
<!-- Generated by org.testng.reporters.JUnitReportReporter -->
<testsuite hostname="DESKTOP-J3QRB0N" failures="0" tests="1" name="com.tourism.zts.modules.TC_001_TestNG_TC_02_03Test" time="54.734" errors="0" timestamp="2023-01-04T11:18:43 IST" skipped="0">
  <testcase classname="com.tourism.zts.modules.TC_001_TestNG_TC_02_03Test" name="manageticket" time="54.734"/>
  <system-out/>
</testsuite> <!-- com.tourism.zts.modules.TC_001_TestNG_TC_02_03Test -->
