<?xml version="1.0" encoding="UTF-8"?>
<!-- Generated by org.testng.reporters.JUnitReportReporter -->
<testsuite hostname="DESKTOP-J3QRB0N" failures="0" tests="1" name="com.tourism.zts.modules.TC_04_NormalTicketTest" time="13.569" errors="0" timestamp="2023-01-02T14:33:56 IST" skipped="0">
  <testcase classname="com.tourism.zts.modules.TC_04_NormalTicketTest" name="normalticket" time="13.569"/>
  <system-out/>
</testsuite> <!-- com.tourism.zts.modules.TC_04_NormalTicketTest -->
