<?xml version="1.0" encoding="UTF-8"?>
<!-- Generated by org.testng.reporters.JUnitReportReporter -->
<testsuite hostname="DESKTOP-J3QRB0N" failures="0" tests="1" name="com.tourism.xmlpractice.ReadDatafromCommandPromptTest" time="0.016" errors="0" timestamp="2022-12-29T16:43:39 IST" skipped="0">
  <testcase classname="com.tourism.xmlpractice.ReadDatafromCommandPromptTest" name="readDatafromCommandPrompt" time="0.016"/>
  <system-out/>
</testsuite> <!-- com.tourism.xmlpractice.ReadDatafromCommandPromptTest -->
