<?xml version="1.0" encoding="UTF-8"?>
<!-- Generated by org.testng.reporters.JUnitReportReporter -->
<testsuite hostname="DESKTOP-J3QRB0N" failures="0" tests="1" name="com.tourism.zts.add_animal.TC_04_NormalTicketTest" time="16.915" errors="0" timestamp="2022-12-21T10:08:42 IST" skipped="0">
  <testcase classname="com.tourism.zts.add_animal.TC_04_NormalTicketTest" name="normalticket" time="16.915"/>
  <system-out/>
</testsuite> <!-- com.tourism.zts.add_animal.TC_04_NormalTicketTest -->
