<?xml version="1.0" encoding="UTF-8"?>
<!-- Generated by org.testng.reporters.JUnitReportReporter -->
<testsuite hostname="DESKTOP-J3QRB0N" failures="0" tests="1" name="com.tourism.zts.modules.TC_06_ForeignersTicketTest" time="20.858" errors="0" timestamp="2022-12-26T10:34:34 IST" skipped="0">
  <testcase classname="com.tourism.zts.modules.TC_06_ForeignersTicketTest" name="foreigners" time="20.858"/>
  <system-out/>
</testsuite> <!-- com.tourism.zts.modules.TC_06_ForeignersTicketTest -->
